17:23:31.768 [main] INFO  o.c.bss.core.server.ServiceTest - Start ServiceTest ... 
17:23:32.802 [main] INFO  o.c.bss.core.server.ServiceTest - ServiceTest.transactionManager() >>> 
17:23:32.811 [main] INFO  o.c.bss.core.server.ServiceTest - ServiceTest.mySqlDS() >>> 
17:30:30.018 [main] INFO  o.c.bss.core.server.ServiceTest - Start ServiceTest ... 
17:33:42.825 [main] INFO  o.c.bss.core.server.ServiceTest - Start ServiceTest ... 
17:37:34.741 [main] INFO  o.c.bss.core.server.ServiceTest - Start ServiceTest ... 
17:37:35.993 [main] INFO  o.c.bss.core.server.ServiceTest - ServiceTest.transactionManager() >>> 
17:37:36.002 [main] INFO  o.c.bss.core.server.ServiceTest - ServiceTest.mySqlDS() >>> 
17:37:36.019 [main] INFO  o.c.bss.core.server.ServiceTest - mysql.driver=com.mysql.jdbc.Driver 
17:37:36.020 [main] INFO  o.c.bss.core.server.ServiceTest - mysql.url=jdbc:mysql://127.0.0.1:3306/cybss 
17:37:36.020 [main] INFO  o.c.bss.core.server.ServiceTest - mysql.user=cybss 
17:37:36.020 [main] INFO  o.c.bss.core.server.ServiceTest - ServiceTest.mySqlDS() <<< 
17:37:36.045 [main] INFO  o.c.bss.core.server.ServiceTest - ServiceTest.transactionManager() <<< 
17:40:29.319 [main] INFO  o.c.bss.core.server.ServiceTest - Start ServiceTest ... 
17:40:30.616 [main] INFO  o.c.bss.core.server.ServiceTest - ServiceTest.transactionManager() >>> 
17:40:30.625 [main] INFO  o.c.bss.core.server.ServiceTest - ServiceTest.mySqlDS() >>> 
17:40:30.643 [main] INFO  o.c.bss.core.server.ServiceTest - mysql.driver=com.mysql.jdbc.Driver 
17:40:30.643 [main] INFO  o.c.bss.core.server.ServiceTest - mysql.url=jdbc:mysql://127.0.0.1:3306/cybss 
17:40:30.644 [main] INFO  o.c.bss.core.server.ServiceTest - mysql.user=cybss 
17:40:30.644 [main] INFO  o.c.bss.core.server.ServiceTest - ServiceTest.mySqlDS() <<< 
17:40:30.668 [main] INFO  o.c.bss.core.server.ServiceTest - ServiceTest.transactionManager() <<< 
17:41:49.001 [main] INFO  o.c.bss.core.server.ServiceTest - Start ServiceTest ... 
17:41:50.318 [main] INFO  o.c.bss.core.server.ServiceTest - ServiceTest.transactionManager() >>> 
17:41:50.327 [main] INFO  o.c.bss.core.server.ServiceTest - ServiceTest.mySqlDS() >>> 
17:41:50.345 [main] INFO  o.c.bss.core.server.ServiceTest - mysql.driver=com.mysql.jdbc.Driver 
17:41:50.345 [main] INFO  o.c.bss.core.server.ServiceTest - mysql.url=jdbc:mysql://127.0.0.1:3306/cybss 
17:41:50.345 [main] INFO  o.c.bss.core.server.ServiceTest - mysql.user=cybss 
17:41:50.346 [main] INFO  o.c.bss.core.server.ServiceTest - ServiceTest.mySqlDS() <<< 
17:41:50.370 [main] INFO  o.c.bss.core.server.ServiceTest - ServiceTest.transactionManager() <<< 
17:43:04.881 [main] INFO  o.c.bss.core.server.ServiceTest - Start ServiceTest ... 
17:43:06.146 [main] INFO  o.c.bss.core.server.ServiceTest - ServiceTest.transactionManager() >>> 
17:43:06.155 [main] INFO  o.c.bss.core.server.ServiceTest - ServiceTest.mySqlDS() >>> 
17:43:06.172 [main] INFO  o.c.bss.core.server.ServiceTest - mysql.driver=com.mysql.jdbc.Driver 
17:43:06.173 [main] INFO  o.c.bss.core.server.ServiceTest - mysql.url=jdbc:mysql://127.0.0.1:3306/cybss 
17:43:06.173 [main] INFO  o.c.bss.core.server.ServiceTest - mysql.user=cybss 
17:43:06.173 [main] INFO  o.c.bss.core.server.ServiceTest - ServiceTest.mySqlDS() <<< 
17:43:06.197 [main] INFO  o.c.bss.core.server.ServiceTest - ServiceTest.transactionManager() <<< 
17:44:14.717 [main] INFO  o.c.bss.core.server.ServiceTest - Start ServiceTest ... 
17:44:16.003 [main] INFO  o.c.bss.core.server.ServiceTest - ServiceTest.transactionManager() >>> 
17:44:16.012 [main] INFO  o.c.bss.core.server.ServiceTest - ServiceTest.mySqlDS() >>> 
17:44:16.028 [main] INFO  o.c.bss.core.server.ServiceTest - mysql.driver=com.mysql.jdbc.Driver 
17:44:16.029 [main] INFO  o.c.bss.core.server.ServiceTest - mysql.url=jdbc:mysql://127.0.0.1:3306/cybss 
17:44:16.029 [main] INFO  o.c.bss.core.server.ServiceTest - mysql.user=cybss 
17:44:16.030 [main] INFO  o.c.bss.core.server.ServiceTest - ServiceTest.mySqlDS() <<< 
17:44:16.053 [main] INFO  o.c.bss.core.server.ServiceTest - ServiceTest.transactionManager() <<< 
17:45:33.475 [main] INFO  o.c.bss.core.server.ServiceTest - Start ServiceTest ... 
17:45:34.800 [main] INFO  o.c.bss.core.server.ServiceTest - ServiceTest.transactionManager() >>> 
17:45:34.812 [main] INFO  o.c.bss.core.server.ServiceTest - ServiceTest.mySqlDS() >>> 
17:45:34.829 [main] INFO  o.c.bss.core.server.ServiceTest - mysql.driver=com.mysql.jdbc.Driver 
17:45:34.830 [main] INFO  o.c.bss.core.server.ServiceTest - mysql.url=jdbc:mysql://127.0.0.1:3306/cybss 
17:45:34.830 [main] INFO  o.c.bss.core.server.ServiceTest - mysql.user=cybss 
17:45:34.831 [main] INFO  o.c.bss.core.server.ServiceTest - ServiceTest.mySqlDS() <<< 
17:45:34.854 [main] INFO  o.c.bss.core.server.ServiceTest - ServiceTest.transactionManager() <<< 
17:46:49.778 [main] INFO  o.c.bss.core.server.ServiceTest - Start ServiceTest ... 
17:46:51.194 [main] INFO  o.c.bss.core.server.ServiceTest - ServiceTest.transactionManager() >>> 
17:46:51.202 [main] INFO  o.c.bss.core.server.ServiceTest - ServiceTest.mySqlDS() >>> 
17:46:51.218 [main] INFO  o.c.bss.core.server.ServiceTest - mysql.driver=com.mysql.jdbc.Driver 
17:46:51.218 [main] INFO  o.c.bss.core.server.ServiceTest - mysql.url=jdbc:mysql://127.0.0.1:3306/cybss 
17:46:51.219 [main] INFO  o.c.bss.core.server.ServiceTest - mysql.user=cybss 
17:46:51.219 [main] INFO  o.c.bss.core.server.ServiceTest - ServiceTest.mySqlDS() <<< 
17:46:51.242 [main] INFO  o.c.bss.core.server.ServiceTest - ServiceTest.transactionManager() <<< 
17:48:09.793 [main] INFO  o.c.bss.core.server.ServiceTest - Start ServiceTest ... 
17:48:11.157 [main] INFO  o.c.bss.core.server.ServiceTest - ServiceTest.transactionManager() >>> 
17:48:11.166 [main] INFO  o.c.bss.core.server.ServiceTest - ServiceTest.mySqlDS() >>> 
17:48:11.182 [main] INFO  o.c.bss.core.server.ServiceTest - mysql.driver=com.mysql.jdbc.Driver 
17:48:11.183 [main] INFO  o.c.bss.core.server.ServiceTest - mysql.url=jdbc:mysql://127.0.0.1:3306/cybss 
17:48:11.183 [main] INFO  o.c.bss.core.server.ServiceTest - mysql.user=cybss 
17:48:11.183 [main] INFO  o.c.bss.core.server.ServiceTest - ServiceTest.mySqlDS() <<< 
17:48:11.207 [main] INFO  o.c.bss.core.server.ServiceTest - ServiceTest.transactionManager() <<< 
17:48:35.621 [main] INFO  o.c.bss.core.server.ServiceTest - Start ServiceTest ... 
17:48:36.971 [main] INFO  o.c.bss.core.server.ServiceTest - ServiceTest.transactionManager() >>> 
17:48:36.979 [main] INFO  o.c.bss.core.server.ServiceTest - ServiceTest.mySqlDS() >>> 
17:48:36.995 [main] INFO  o.c.bss.core.server.ServiceTest - mysql.driver=com.mysql.jdbc.Driver 
17:48:36.996 [main] INFO  o.c.bss.core.server.ServiceTest - mysql.url=jdbc:mysql://127.0.0.1:3306/cybss 
17:48:36.996 [main] INFO  o.c.bss.core.server.ServiceTest - mysql.user=cybss 
17:48:36.997 [main] INFO  o.c.bss.core.server.ServiceTest - ServiceTest.mySqlDS() <<< 
17:48:37.020 [main] INFO  o.c.bss.core.server.ServiceTest - ServiceTest.transactionManager() <<< 
17:49:47.931 [main] INFO  o.c.bss.core.server.ServiceTest - Start ServiceTest ... 
17:49:49.328 [main] INFO  o.c.bss.core.server.ServiceTest - ServiceTest.transactionManager() >>> 
17:49:49.336 [main] INFO  o.c.bss.core.server.ServiceTest - ServiceTest.mySqlDS() >>> 
17:49:49.352 [main] INFO  o.c.bss.core.server.ServiceTest - mysql.driver=com.mysql.jdbc.Driver 
17:49:49.352 [main] INFO  o.c.bss.core.server.ServiceTest - mysql.url=jdbc:mysql://127.0.0.1:3306/cybss 
17:49:49.352 [main] INFO  o.c.bss.core.server.ServiceTest - mysql.user=cybss 
17:49:49.353 [main] INFO  o.c.bss.core.server.ServiceTest - ServiceTest.mySqlDS() <<< 
17:49:49.376 [main] INFO  o.c.bss.core.server.ServiceTest - ServiceTest.transactionManager() <<< 
